<?xml version="1.0" encoding="UTF-8"?>
<!-- Generated by org.testng.reporters.JUnitReportReporter -->
<testsuite skipped="0" hostname="DESKTOP-CKDMN9M" name="ups.pack.testRunner.NewTest" tests="1" failures="0" timestamp="2019-12-12T17:59:48 EST" time="0.001" errors="0">
  <testcase name="f" time="0.001" classname="ups.pack.testRunner.NewTest"/>
</testsuite> <!-- ups.pack.testRunner.NewTest -->
